0 info it worked if it ends with ok
1 verbose cli [ '/usr/bin/node', '/usr/bin/npm', 'install', 'trumpet' ]
2 info using npm@1.4.28
3 info using node@v0.10.33
4 verbose node symlink /usr/bin/node
5 verbose cache add [ 'trumpet', null ]
6 verbose cache add name=undefined spec="trumpet" args=["trumpet",null]
7 verbose parsed url { protocol: null,
7 verbose parsed url   slashes: null,
7 verbose parsed url   auth: null,
7 verbose parsed url   host: null,
7 verbose parsed url   port: null,
7 verbose parsed url   hostname: null,
7 verbose parsed url   hash: null,
7 verbose parsed url   search: null,
7 verbose parsed url   query: null,
7 verbose parsed url   pathname: 'trumpet',
7 verbose parsed url   path: 'trumpet',
7 verbose parsed url   href: 'trumpet' }
8 silly lockFile 562540cd-trumpet trumpet
9 verbose lock trumpet /home/rcanepa/.npm/562540cd-trumpet.lock
10 silly lockFile 562540cd-trumpet trumpet
11 silly lockFile 562540cd-trumpet trumpet
12 verbose addNamed [ 'trumpet', '' ]
13 verbose addNamed [ null, '*' ]
14 silly lockFile 4abd37fe-trumpet trumpet@
15 verbose lock trumpet@ /home/rcanepa/.npm/4abd37fe-trumpet.lock
16 silly addNameRange { name: 'trumpet', range: '*', hasData: false }
17 verbose request where is /trumpet
18 verbose request registry https://registry.npmjs.org/
19 verbose request id c7562299d93cc9dd
20 verbose url raw /trumpet
21 verbose url resolving [ 'https://registry.npmjs.org/', './trumpet' ]
22 verbose url resolved https://registry.npmjs.org/trumpet
23 verbose request where is https://registry.npmjs.org/trumpet
24 info trying registry request attempt 1 at 15:18:50
25 verbose etag "2CPYMZSW5JKDI3O0NFVPKG9XD"
26 http GET https://registry.npmjs.org/trumpet
27 http 304 https://registry.npmjs.org/trumpet
28 silly registry.get cb [ 304,
28 silly registry.get   { date: 'Mon, 03 Nov 2014 18:18:50 GMT',
28 silly registry.get     server: 'Apache',
28 silly registry.get     via: '1.1 varnish',
28 silly registry.get     'last-modified': 'Mon, 03 Nov 2014 18:18:50 GMT',
28 silly registry.get     'cache-control': 'max-age=60',
28 silly registry.get     etag: '"2CPYMZSW5JKDI3O0NFVPKG9XD"',
28 silly registry.get     age: '0',
28 silly registry.get     'x-served-by': 'cache-iad2126-IAD',
28 silly registry.get     'x-cache': 'MISS',
28 silly registry.get     'x-cache-hits': '0',
28 silly registry.get     'x-timer': 'S1415038730.902909,VS0,VE24',
28 silly registry.get     vary: 'Accept',
28 silly registry.get     'content-length': '0',
28 silly registry.get     'keep-alive': 'timeout=10, max=50',
28 silly registry.get     connection: 'Keep-Alive' } ]
29 verbose etag https://registry.npmjs.org/trumpet from cache
30 silly addNameRange number 2 { name: 'trumpet', range: '*', hasData: true }
31 silly addNameRange versions [ 'trumpet',
31 silly addNameRange   [ '0.0.0',
31 silly addNameRange     '0.1.0',
31 silly addNameRange     '0.1.1',
31 silly addNameRange     '0.2.0',
31 silly addNameRange     '0.2.1',
31 silly addNameRange     '0.2.2',
31 silly addNameRange     '0.2.3',
31 silly addNameRange     '0.2.4',
31 silly addNameRange     '0.2.5',
31 silly addNameRange     '0.2.6',
31 silly addNameRange     '0.2.7',
31 silly addNameRange     '0.3.0',
31 silly addNameRange     '0.3.1',
31 silly addNameRange     '0.3.2',
31 silly addNameRange     '0.3.3',
31 silly addNameRange     '0.3.4',
31 silly addNameRange     '0.3.5',
31 silly addNameRange     '0.3.6',
31 silly addNameRange     '0.4.0',
31 silly addNameRange     '0.4.1',
31 silly addNameRange     '0.4.2',
31 silly addNameRange     '1.0.0',
31 silly addNameRange     '1.1.0',
31 silly addNameRange     '1.2.0',
31 silly addNameRange     '1.2.1',
31 silly addNameRange     '1.2.2',
31 silly addNameRange     '1.2.3',
31 silly addNameRange     '1.3.0',
31 silly addNameRange     '1.3.1',
31 silly addNameRange     '1.4.0',
31 silly addNameRange     '1.4.1',
31 silly addNameRange     '1.5.0',
31 silly addNameRange     '1.5.1',
31 silly addNameRange     '1.5.2',
31 silly addNameRange     '1.5.3',
31 silly addNameRange     '1.5.4',
31 silly addNameRange     '1.5.5',
31 silly addNameRange     '1.5.6',
31 silly addNameRange     '1.6.0',
31 silly addNameRange     '1.6.1',
31 silly addNameRange     '1.6.2',
31 silly addNameRange     '1.6.3',
31 silly addNameRange     '1.6.4',
31 silly addNameRange     '1.6.5',
31 silly addNameRange     '1.6.6',
31 silly addNameRange     '1.7.0' ] ]
32 verbose addNamed [ 'trumpet', '1.7.0' ]
33 verbose addNamed [ '1.7.0', '1.7.0' ]
34 silly lockFile fa3036b4-trumpet-1-7-0 trumpet@1.7.0
35 verbose lock trumpet@1.7.0 /home/rcanepa/.npm/fa3036b4-trumpet-1-7-0.lock
36 silly lockFile e15b74ca-js-org-trumpet-trumpet-1-7-0-tgz https://registry.npmjs.org/trumpet/-/trumpet-1.7.0.tgz
37 verbose lock https://registry.npmjs.org/trumpet/-/trumpet-1.7.0.tgz /home/rcanepa/.npm/e15b74ca-js-org-trumpet-trumpet-1-7-0-tgz.lock
38 verbose addRemoteTarball [ 'https://registry.npmjs.org/trumpet/-/trumpet-1.7.0.tgz',
38 verbose addRemoteTarball   '5cce02ba3bd665d694bf4902ca1dbd4579bba60c' ]
39 info retry fetch attempt 1 at 15:18:50
40 verbose fetch to= /tmp/npm-14053-jXHJ7kdZ/registry.npmjs.org/trumpet/-/trumpet-1.7.0.tgz
41 http GET https://registry.npmjs.org/trumpet/-/trumpet-1.7.0.tgz
42 http 200 https://registry.npmjs.org/trumpet/-/trumpet-1.7.0.tgz
43 silly lockFile e15b74ca-js-org-trumpet-trumpet-1-7-0-tgz https://registry.npmjs.org/trumpet/-/trumpet-1.7.0.tgz
44 silly lockFile e15b74ca-js-org-trumpet-trumpet-1-7-0-tgz https://registry.npmjs.org/trumpet/-/trumpet-1.7.0.tgz
45 silly lockFile fa3036b4-trumpet-1-7-0 trumpet@1.7.0
46 silly lockFile fa3036b4-trumpet-1-7-0 trumpet@1.7.0
47 silly lockFile 4abd37fe-trumpet trumpet@
48 silly lockFile 4abd37fe-trumpet trumpet@
49 error Error: EACCES, mkdir '/home/rcanepa/.npm/trumpet/1.7.0'
49 error  { [Error: EACCES, mkdir '/home/rcanepa/.npm/trumpet/1.7.0']
49 error   errno: 3,
49 error   code: 'EACCES',
49 error   path: '/home/rcanepa/.npm/trumpet/1.7.0' }
50 error Please try running this command again as root/Administrator.
51 error System Linux 3.13.0-36-generic
52 error command "/usr/bin/node" "/usr/bin/npm" "install" "trumpet"
53 error cwd /home/rcanepa/Development/workshoppers/stream-adventure
54 error node -v v0.10.33
55 error npm -v 1.4.28
56 error path /home/rcanepa/.npm/trumpet/1.7.0
57 error code EACCES
58 error errno 3
59 error stack Error: EACCES, mkdir '/home/rcanepa/.npm/trumpet/1.7.0'
60 verbose exit [ 3, true ]
